<?xml version="1.0" encoding="UTF-8"?>
<!-- Generated by org.testng.reporters.JUnitReportReporter -->
<testsuite hostname="IND184" name="com.flipkart.FlipkartOrder" tests="2" failures="0" timestamp="10 Jul 2019 07:08:33 GMT" time="24.933" errors="0">
  <testcase name="placeorder" time="17.756" classname="com.flipkart.FlipkartOrder"/>
  <testcase name="launch" time="7.177" classname="com.flipkart.FlipkartOrder"/>
</testsuite> <!-- com.flipkart.FlipkartOrder -->
